#
# There is insufficient memory for the Java Runtime Environment to continue.
# Native memory allocation (mmap) failed to map 264241152 bytes for G1 virtual space
# Possible reasons:
#   The system is out of physical RAM or swap space
#   The process is running with CompressedOops enabled, and the Java Heap may be blocking the growth of the native heap
# Possible solutions:
#   Reduce memory load on the system
#   Increase physical memory or swap space
#   Check if swap backing store is full
#   Decrease Java heap size (-Xmx/-Xms)
#   Decrease number of Java threads
#   Decrease Java thread stack sizes (-Xss)
#   Set larger code cache with -XX:ReservedCodeCacheSize=
#   JVM is running with Zero Based Compressed Oops mode in which the Java heap is
#     placed in the first 32GB address space. The Java Heap base address is the
#     maximum limit for the native heap growth. Please use -XX:HeapBaseMinAddress
#     to set the Java Heap base and to place the Java Heap above 32GB virtual address.
# This output file may be truncated or incomplete.
#
#  Out of Memory Error (os_windows.cpp:3600), pid=4972, tid=23196
#
# JRE version:  (21.0.2+13) (build )
# Java VM: Java HotSpot(TM) 64-Bit Server VM (21.0.2+13-LTS-58, mixed mode, sharing, tiered, compressed oops, compressed class ptrs, g1 gc, windows-amd64)
# No core dump will be written. Minidumps are not enabled by default on client versions of Windows
#

---------------  S U M M A R Y ------------

Command Line: -Dfile.encoding=UTF-8 -Dstdout.encoding=UTF-8 -Dstderr.encoding=UTF-8 -XX:+ShowCodeDetailsInExceptionMessages demo.FindTheDuplicateCharacters

Host: 11th Gen Intel(R) Core(TM) i5-1155G7 @ 2.50GHz, 8 cores, 15G,  Windows 11 , 64 bit Build 26100 (10.0.26100.7019)
Time: Sun Dec 14 12:27:16 2025 India Standard Time elapsed time: 0.011533 seconds (0d 0h 0m 0s)

---------------  T H R E A D  ---------------

Current thread (0x000001362a458b60):  JavaThread "Unknown thread" [_thread_in_vm, id=23196, stack(0x0000000dd5f00000,0x0000000dd6000000) (1024K)]

Stack: [0x0000000dd5f00000,0x0000000dd6000000]
Native frames: (J=compiled Java code, j=interpreted, Vv=VM code, C=native code)
V  [jvm.dll+0x6cade9]
V  [jvm.dll+0x8569c1]
V  [jvm.dll+0x858d2e]
V  [jvm.dll+0x859413]
V  [jvm.dll+0x280e56]
V  [jvm.dll+0x6c74d5]
V  [jvm.dll+0x6bbeca]
V  [jvm.dll+0x355bca]
V  [jvm.dll+0x35d816]
V  [jvm.dll+0x3ae67e]
V  [jvm.dll+0x3ae928]
V  [jvm.dll+0x3295dc]
V  [jvm.dll+0x32a16b]
V  [jvm.dll+0x81efa9]
V  [jvm.dll+0x3bba01]
V  [jvm.dll+0x807928]
V  [jvm.dll+0x44f50e]
V  [jvm.dll+0x450e11]
C  [jli.dll+0x52a3]
C  [ucrtbase.dll+0x37b0]
C  [KERNEL32.DLL+0x2e8d7]
C  [ntdll.dll+0x8c53c]


---------------  P R O C E S S  ---------------

Threads class SMR info:
_java_thread_list=0x00007ffc0356bb88, length=0, elements={
}

Java Threads: ( => current thread )
Total: 0

Other Threads:
  0x000001362c68a9f0 WorkerThread "GC Thread#0"                     [id=22648, stack(0x0000000dd6000000,0x0000000dd6100000) (1024K)]
  0x000001362c69b5d0 ConcurrentGCThread "G1 Main Marker"            [id=23764, stack(0x0000000dd6100000,0x0000000dd6200000) (1024K)]
  0x000001362c69d6f0 WorkerThread "G1 Conc#0"                       [id=6620, stack(0x0000000dd6200000,0x0000000dd6300000) (1024K)]

[error occurred during error reporting (printing all threads), id 0xc0000005, EXCEPTION_ACCESS_VIOLATION (0xc0000005) at pc=0x00007ffc02cdc6a7]
VM state: not at safepoint (not fully initialized)

VM Mutex/Monitor currently owned by a thread:  ([mutex/lock_event])
[0x00007ffc035dce68] Heap_lock - owner thread: 0x000001362a458b60

Heap address: 0x0000000704000000, size: 4032 MB, Compressed Oops mode: Zero based, Oop shift amount: 3

CDS archive(s) mapped at: [0x0000000000000000-0x0000000000000000-0x0000000000000000), size 0, SharedBaseAddress: 0x0000000800000000, ArchiveRelocationMode: 1.
Narrow klass base: 0x0000000000000000, Narrow klass shift: 0, Narrow klass range: 0x0

GC Precious Log:
 CardTable entry size: 512
 Card Set container configuration: InlinePtr #cards 4 size 8 Array Of Cards #cards 16 size 48 Howl #buckets 8 coarsen threshold 3686 Howl Bitmap #cards 512 size 80 coarsen threshold 460 Card regions per heap region 1 cards per card region 4096

Heap:
 garbage-first heap   total 0K, used 0K [0x0000000704000000, 0x0000000800000000)
  region size 2048K, 0 young (0K), 0 survivors (0K)

[error occurred during error reporting (printing heap information), id 0xc0000005, EXCEPTION_ACCESS_VIOLATION (0xc0000005) at pc=0x00007ffc030c39f9]
GC Heap History (0 events):
No events

Dll operation events (1 events):
Event: 0.007 Loaded shared library C:\Program Files\Java\jdk-21\bin\java.dll

Deoptimization events (0 events):
No events

Classes loaded (0 events):
No events

Classes unloaded (0 events):
No events

Classes redefined (0 events):
No events

Internal exceptions (0 events):
No events

ZGC Phase Switch (0 events):
No events

VM Operations (0 events):
No events

Events (0 events):
No events


Dynamic libraries:
0x00007ff7e65b0000 - 0x00007ff7e65c0000 	C:\Program Files\Java\jdk-21\bin\javaw.exe
0x00007ffc7d7c0000 - 0x00007ffc7da28000 	C:\WINDOWS\SYSTEM32\ntdll.dll
0x00007ffc7b8b0000 - 0x00007ffc7b979000 	C:\WINDOWS\System32\KERNEL32.DLL
0x00007ffc7b0b0000 - 0x00007ffc7b4a8000 	C:\WINDOWS\System32\KERNELBASE.dll
0x00007ffc7a910000 - 0x00007ffc7aa5b000 	C:\WINDOWS\System32\ucrtbase.dll
0x00007ffc61aa0000 - 0x00007ffc61ab9000 	C:\Program Files\Java\jdk-21\bin\jli.dll
0x00007ffc61a80000 - 0x00007ffc61a9b000 	C:\Program Files\Java\jdk-21\bin\VCRUNTIME140.dll
0x00007ffc7bfe0000 - 0x00007ffc7c094000 	C:\WINDOWS\System32\ADVAPI32.dll
0x00007ffc7bb90000 - 0x00007ffc7bc39000 	C:\WINDOWS\System32\msvcrt.dll
0x00007ffc7c750000 - 0x00007ffc7c7f6000 	C:\WINDOWS\System32\sechost.dll
0x00007ffc7ba70000 - 0x00007ffc7bb88000 	C:\WINDOWS\System32\RPCRT4.dll
0x00007ffc7b5e0000 - 0x00007ffc7b7a7000 	C:\WINDOWS\System32\USER32.dll
0x00007ffc7aa60000 - 0x00007ffc7aa87000 	C:\WINDOWS\System32\win32u.dll
0x00007ffc7ba40000 - 0x00007ffc7ba6b000 	C:\WINDOWS\System32\GDI32.dll
0x00007ffc65670000 - 0x00007ffc65904000 	C:\WINDOWS\WinSxS\amd64_microsoft.windows.common-controls_6595b64144ccf1df_6.0.26100.7019_none_3e06ffa0e335b8a8\COMCTL32.dll
0x00007ffc7af80000 - 0x00007ffc7b0ac000 	C:\WINDOWS\System32\gdi32full.dll
0x00007ffc7acd0000 - 0x00007ffc7ad73000 	C:\WINDOWS\System32\msvcp_win.dll
0x00007ffc6ae00000 - 0x00007ffc6ae0b000 	C:\WINDOWS\SYSTEM32\VERSION.dll
0x00007ffc7b9f0000 - 0x00007ffc7ba21000 	C:\WINDOWS\System32\IMM32.DLL
0x00007ffc675d0000 - 0x00007ffc675dc000 	C:\Program Files\Java\jdk-21\bin\vcruntime140_1.dll
0x00007ffc40190000 - 0x00007ffc4021e000 	C:\Program Files\Java\jdk-21\bin\msvcp140.dll
0x00007ffc029a0000 - 0x00007ffc036b7000 	C:\Program Files\Java\jdk-21\bin\server\jvm.dll
0x00007ffc7c480000 - 0x00007ffc7c4f4000 	C:\WINDOWS\System32\WS2_32.dll
0x00007ffc7a770000 - 0x00007ffc7a7ce000 	C:\WINDOWS\SYSTEM32\POWRPROF.dll
0x00007ffc65910000 - 0x00007ffc65945000 	C:\WINDOWS\SYSTEM32\WINMM.dll
0x00007ffc7a750000 - 0x00007ffc7a764000 	C:\WINDOWS\SYSTEM32\UMPDC.dll
0x00007ffc796d0000 - 0x00007ffc796eb000 	C:\WINDOWS\SYSTEM32\kernel.appcore.dll
0x00007ffc6e9d0000 - 0x00007ffc6e9da000 	C:\Program Files\Java\jdk-21\bin\jimage.dll
0x00007ffc78120000 - 0x00007ffc78362000 	C:\WINDOWS\SYSTEM32\DBGHELP.DLL
0x00007ffc7c800000 - 0x00007ffc7cb8b000 	C:\WINDOWS\System32\combase.dll
0x00007ffc7be80000 - 0x00007ffc7bf57000 	C:\WINDOWS\System32\OLEAUT32.dll
0x00007ffc63580000 - 0x00007ffc635bc000 	C:\WINDOWS\SYSTEM32\dbgcore.DLL
0x00007ffc7b4b0000 - 0x00007ffc7b555000 	C:\WINDOWS\System32\bcryptPrimitives.dll
0x00007ffc69bd0000 - 0x00007ffc69bef000 	C:\Program Files\Java\jdk-21\bin\java.dll

dbghelp: loaded successfully - version: 4.0.5 - missing functions: none
symbol engine: initialized successfully - sym options: 0x614 - pdb path: .;C:\Program Files\Java\jdk-21\bin;C:\WINDOWS\SYSTEM32;C:\WINDOWS\WinSxS\amd64_microsoft.windows.common-controls_6595b64144ccf1df_6.0.26100.7019_none_3e06ffa0e335b8a8;C:\Program Files\Java\jdk-21\bin\server

VM Arguments:
jvm_args: -Dfile.encoding=UTF-8 -Dstdout.encoding=UTF-8 -Dstderr.encoding=UTF-8 -XX:+ShowCodeDetailsInExceptionMessages 
java_command: demo.FindTheDuplicateCharacters
java_class_path (initial): D:\class\JavaImportantProgrammingQuestionAndAnswers\bin
Launcher Type: SUN_STANDARD

[Global flags]
     intx CICompilerCount                          = 4                                         {product} {ergonomic}
     uint ConcGCThreads                            = 2                                         {product} {ergonomic}
     uint G1ConcRefinementThreads                  = 8                                         {product} {ergonomic}
   size_t G1HeapRegionSize                         = 2097152                                   {product} {ergonomic}
    uintx GCDrainStackTargetSize                   = 64                                        {product} {ergonomic}
   size_t InitialHeapSize                          = 264241152                                 {product} {ergonomic}
   size_t MarkStackSize                            = 4194304                                   {product} {ergonomic}
   size_t MaxHeapSize                              = 4227858432                                {product} {ergonomic}
   size_t MinHeapDeltaBytes                        = 2097152                                   {product} {ergonomic}
   size_t MinHeapSize                              = 8388608                                   {product} {ergonomic}
    uintx NonNMethodCodeHeapSize                   = 5839372                                {pd product} {ergonomic}
    uintx NonProfiledCodeHeapSize                  = 122909434                              {pd product} {ergonomic}
    uintx ProfiledCodeHeapSize                     = 122909434                              {pd product} {ergonomic}
    uintx ReservedCodeCacheSize                    = 251658240                              {pd product} {ergonomic}
     bool SegmentedCodeCache                       = true                                      {product} {ergonomic}
     bool ShowCodeDetailsInExceptionMessages       = true                                   {manageable} {command line}
   size_t SoftMaxHeapSize                          = 4227858432                             {manageable} {ergonomic}
     bool UseCompressedOops                        = true                           {product lp64_product} {ergonomic}
     bool UseG1GC                                  = true                                      {product} {ergonomic}
     bool UseLargePagesIndividualAllocation        = false                                  {pd product} {ergonomic}

Logging:
Log output configuration:
 #0: stdout all=warning uptime,level,tags foldmultilines=false
 #1: stderr all=off uptime,level,tags foldmultilines=false

Environment Variables:
PATH=C:/Program Files/Java/jdk-21/bin/server;C:/Program Files/Java/jdk-21/bin;C:\Program Files\Python313\Scripts\;C:\Program Files\Python313\;C:\WINDOWS\system32;C:\WINDOWS;C:\WINDOWS\System32\Wbem;C:\WINDOWS\System32\WindowsPowerShell\v1.0\;C:\WINDOWS\System32\OpenSSH\;C:\Program Files\dotnet\;C:\Program Files\Java\jdk-21\bin;C:\Program Files\nodejs\node_modules;C:\Program Files\nodejs\;C:\Program Files\Docker\Docker\resources\bin;C:\Program Files\apache-maven-3.9.11\bin;C:\Program Files\Git\cmd;C:\Program Files\MySQL\MySQL Server 8.0\bin;C:\Program Files\MySQL\MySQL Shell 8.0\bin\;C:\Users\chand\AppData\Local\Microsoft\WindowsApps;C:\Users\chand\AppData\Roaming\npm;C:\Users\chand\AppData\Local\Programs\Microsoft VS Code\bin;;C:\Users\chand\eclipse\java-2024-03\eclipse;
USERNAME=chand
OS=Windows_NT
PROCESSOR_IDENTIFIER=Intel64 Family 6 Model 140 Stepping 2, GenuineIntel
TMP=C:\Users\chand\AppData\Local\Temp
TEMP=C:\Users\chand\AppData\Local\Temp




Periodic native trim disabled

---------------  S Y S T E M  ---------------

OS:
 Windows 11 , 64 bit Build 26100 (10.0.26100.7019)
OS uptime: 3 days 12:02 hours
Hyper-V role detected

CPU: total 8 (initial active 8) (4 cores per cpu, 2 threads per core) family 6 model 140 stepping 2 microcode 0x16, cx8, cmov, fxsr, ht, mmx, 3dnowpref, sse, sse2, sse3, ssse3, sse4.1, sse4.2, popcnt, lzcnt, tsc, tscinvbit, avx, avx2, aes, erms, clmul, bmi1, bmi2, adx, avx512f, avx512dq, avx512cd, avx512bw, avx512vl, sha, fma, vzeroupper, avx512_vpopcntdq, avx512_vpclmulqdq, avx512_vaes, avx512_vnni, clflush, clflushopt, clwb, avx512_vbmi2, avx512_vbmi, hv, rdtscp, rdpid, fsrm, gfni, avx512_bitalg, f16c, cet_ibt, cet_ss, avx512_ifma
Processor Information for processor 0
  Max Mhz: 2496, Current Mhz: 2496, Mhz Limit: 2496
Processor Information for processor 1
  Max Mhz: 2496, Current Mhz: 1198, Mhz Limit: 2496
Processor Information for processor 2
  Max Mhz: 2496, Current Mhz: 2496, Mhz Limit: 2496
Processor Information for processor 3
  Max Mhz: 2496, Current Mhz: 2496, Mhz Limit: 2496
Processor Information for processor 4
  Max Mhz: 2496, Current Mhz: 2496, Mhz Limit: 2496
Processor Information for processor 5
  Max Mhz: 2496, Current Mhz: 1198, Mhz Limit: 2496
Processor Information for processor 6
  Max Mhz: 2496, Current Mhz: 2496, Mhz Limit: 2496
Processor Information for processor 7
  Max Mhz: 2496, Current Mhz: 1198, Mhz Limit: 2496

Memory: 4k page, system-wide physical 16127M (2706M free)
TotalPageFile size 50159M (AvailPageFile size 165M)
current process WorkingSet (physical memory assigned to process): 12M, peak: 12M
current process commit charge ("private bytes"): 60M, peak: 312M

vm_info: Java HotSpot(TM) 64-Bit Server VM (21.0.2+13-LTS-58) for windows-amd64 JRE (21.0.2+13-LTS-58), built on 2024-01-05T18:32:24Z by "mach5one" with MS VC++ 17.1 (VS2022)

END.
